/*C15*/SET SCHEMA PUBLIC
DROP TABLE PUBLIC.POSTS
DISCONNECT
/*C16*/SET SCHEMA PUBLIC
DROP TABLE PUBLIC.USERS
DISCONNECT
/*C17*/SET SCHEMA PUBLIC
set schema PUBLIC
CREATE TABLE REF_TAGS (\u000a  id INT IDENTITY,\u000a  name CHAR(50) NOT NULL\u000a)
/*C18*/SET SCHEMA PUBLIC
DISCONNECT
/*C17*/CREATE TABLE POSTS (\u000a  id INT IDENTITY,\u000a  title CHAR(50),\u000a  content CHAR(500),\u000a  smallimg CHAR(50),\u000a  bigimg CHAR(50),\u000a  rating INT DEFAULT 3,\u000a  istopnews BOOLEAN,\u000a  timestamp INT NOT NULL\u000a)
CREATE TABLE USERS (\u000a  id INT IDENTITY,\u000a  firstname CHAR(50),\u000a  lastname CHAR(50),\u000a  email CHAR(50) NOT NULL,\u000a  password CHAR(30) NOT NULL,\u000a  roleid INT NOT NULL\u000a)
CREATE TABLE POSTS_TAGS (\u000a  id INT IDENTITY,\u000a  postid INT NOT NULL,\u000a  tagid INT NOT NULL\u000a)
CREATE TABLE REF_ROLES (\u000a  id INT IDENTITY,\u000a  name CHAR(50) NOT NULL\u000a)
/*C19*/SET SCHEMA PUBLIC
DISCONNECT
/*C20*/SET SCHEMA PUBLIC
DISCONNECT
/*C21*/SET SCHEMA PUBLIC
DROP TABLE PUBLIC.USERS
DROP TABLE PUBLIC.REF_TAGS
DROP TABLE PUBLIC.REF_ROLES
DROP TABLE PUBLIC.POSTS_TAGS
DROP TABLE PUBLIC.POSTS
DISCONNECT
/*C22*/SET SCHEMA PUBLIC
DISCONNECT
/*C17*/CREATE TABLE POSTS (\u000a  id INT IDENTITY,\u000a  title CHAR(50),\u000a  content CHAR(500),\u000a  smallimg CHAR(50),\u000a  bigimg CHAR(50),\u000a  rating INT DEFAULT 3,\u000a  istopnews BOOLEAN DEFAULT FALSE,\u000a  timestamp INT NOT NULL\u000a)
CREATE TABLE USERS (\u000a  id INT IDENTITY,\u000a  firstname CHAR(50),\u000a  lastname CHAR(50),\u000a  email CHAR(50) NOT NULL,\u000a  password CHAR(30) NOT NULL,\u000a  roleid INT NOT NULL\u000a)
CREATE TABLE POSTS_TAGS (\u000a  id INT IDENTITY,\u000a  postid INT NOT NULL,\u000a  tagid INT NOT NULL\u000a)
CREATE TABLE REF_ROLES (\u000a  id INT IDENTITY,\u000a  name CHAR(50) NOT NULL\u000a)
CREATE TABLE REF_TAGS (\u000a  id INT IDENTITY,\u000a  name CHAR(50) NOT NULL\u000a)
/*C23*/SET SCHEMA PUBLIC
DISCONNECT
/*C24*/SET SCHEMA PUBLIC
DISCONNECT
